2020-02-06 12:20:11,654 INFO lt.vtmc.user.controller.UserController [main] # LOG # Initiated by [anonymousUser]: Group [null] was created #
2020-02-06 12:20:11,673 INFO lt.vtmc.user.controller.UserController [main] # LOG # Initiated by [anonymousUser]: User [testUsername] was added to group(s) [[dummy1, dummy2]] #
2020-02-06 12:35:14,606 INFO lt.vtmc.user.controller.UserController [main] # LOG # Initiated by [anonymousUser]: Group [null] was created #
2020-02-06 12:35:14,628 INFO lt.vtmc.user.controller.UserController [main] # LOG # Initiated by [anonymousUser]: User [testUsername] was added to group(s) [[dummy1, dummy2]] #
2020-02-06 12:43:32,849 INFO lt.vtmc.user.controller.UserController [main] # LOG # Initiated by [anonymousUser]: Group [null] was created #
2020-02-06 12:43:32,870 INFO lt.vtmc.user.controller.UserController [main] # LOG # Initiated by [anonymousUser]: User [testUsername] was added to group(s) [[dummy1, dummy2]] #
2020-02-06 12:44:48,720 INFO lt.vtmc.user.controller.UserController [main] # LOG # Initiated by [anonymousUser]: Group [null] was created #
2020-02-06 12:44:48,743 INFO lt.vtmc.user.controller.UserController [main] # LOG # Initiated by [anonymousUser]: User [testUsername] was added to group(s) [[dummy1, dummy2]] #
2020-02-06 12:51:20,863 INFO lt.vtmc.user.controller.UserController [main] # LOG # Initiated by [anonymousUser]: Group [null] was created #
2020-02-06 12:51:20,885 INFO lt.vtmc.user.controller.UserController [main] # LOG # Initiated by [anonymousUser]: User [testUsername] was added to group(s) [[dummy1, dummy2]] #
2020-02-06 12:53:36,807 INFO lt.vtmc.user.controller.UserController [main] # LOG # Initiated by [anonymousUser]: Group [null] was created #
2020-02-06 12:53:36,827 INFO lt.vtmc.user.controller.UserController [main] # LOG # Initiated by [anonymousUser]: User [testUsername] was added to group(s) [[dummy1, dummy2]] #
2020-02-06 13:04:44,447 INFO lt.vtmc.user.controller.UserController [main] # LOG # Initiated by [anonymousUser]: User [testAdmin] with Admin role was created #
2020-02-06 13:05:25,030 INFO lt.vtmc.user.controller.UserController [main] # LOG # Initiated by [anonymousUser]: Group [null] was created #
2020-02-06 13:05:25,052 INFO lt.vtmc.user.controller.UserController [main] # LOG # Initiated by [anonymousUser]: User [testUsername] was added to group(s) [[dummy1, dummy2]] #
2020-02-06 13:05:29,070 INFO lt.vtmc.user.controller.UserController [main] # LOG # Initiated by [anonymousUser]: User [testAdmin] with Admin role was created #
2020-02-06 13:16:14,512 INFO lt.vtmc.user.controller.UserController [main] # LOG # Initiated by [anonymousUser]: User [testAdmin] with Admin role was created{} #
2020-02-06 13:16:14,538 INFO lt.vtmc.user.controller.UserController [main] # LOG # Initiated by [anonymousUser]: User [testAdmin] was created{} #
2020-02-06 13:17:46,681 INFO lt.vtmc.user.controller.UserController [main] # LOG # Initiated by [anonymousUser]: Group [null] was created #
2020-02-06 13:17:46,705 INFO lt.vtmc.user.controller.UserController [main] # LOG # Initiated by [anonymousUser]: User [testUsername] was added to group(s) [[dummy1, dummy2]] #
2020-02-06 13:17:50,786 INFO lt.vtmc.user.controller.UserController [main] # LOG # Initiated by [anonymousUser]: User [testAdmin] with Admin role was created #
2020-02-06 13:17:50,797 INFO lt.vtmc.user.controller.UserController [main] # LOG # Initiated by [anonymousUser]: User [testAdmin] was created #
2020-02-06 13:22:58,269 INFO lt.vtmc.user.controller.UserController [main] # LOG # Initiated by [anonymousUser]: Group [null] was created #
2020-02-06 13:22:58,294 INFO lt.vtmc.user.controller.UserController [main] # LOG # Initiated by [anonymousUser]: User [testUsername] was added to group(s) [[dummy1, dummy2]] #
2020-02-06 13:23:02,266 INFO lt.vtmc.user.controller.UserController [main] # LOG # Initiated by [anonymousUser]: User [testAdmin] was created #
2020-02-06 13:25:25,172 INFO lt.vtmc.user.controller.UserController [main] # LOG # Initiated by [anonymousUser]: User [testAdmin] was created #
2020-02-06 13:26:08,850 INFO lt.vtmc.user.controller.UserController [main] # LOG # Initiated by [anonymousUser]: User [testAdmin] was created #
2020-02-06 13:32:33,080 INFO lt.vtmc.user.controller.UserController [main] # LOG # Initiated by [anonymousUser]: User [testAdmin] was created #
2020-02-06 13:35:34,432 INFO lt.vtmc.user.controller.UserController [main] # LOG # Initiated by [anonymousUser]: User [testAdmin] with Admin role was created null#
2020-02-06 13:35:34,456 INFO lt.vtmc.user.controller.UserController [main] # LOG # Initiated by [anonymousUser]: User [testAdmin] was created #
2020-02-06 13:54:08,778 INFO lt.vtmc.user.controller.UserController [main] # LOG # Initiated by [anonymousUser]: User [testAdmin] with Admin role was created with group(s): [null]#
2020-02-06 13:54:08,808 INFO lt.vtmc.user.controller.UserController [main] # LOG # Initiated by [anonymousUser]: User [testAdmin] was created #
2020-02-06 13:55:19,926 INFO lt.vtmc.user.controller.UserController [main] # LOG # Initiated by [anonymousUser]: User [testAdmin] with Admin role was created with group(s): [null]#
2020-02-06 13:55:19,957 INFO lt.vtmc.user.controller.UserController [main] # LOG # Initiated by [anonymousUser]: User [testAdmin] was created with group(s): [null]#
2020-02-06 13:55:40,650 INFO lt.vtmc.user.controller.UserController [main] # LOG # Initiated by [anonymousUser]: Group [null] was created #
2020-02-06 13:55:40,671 INFO lt.vtmc.user.controller.UserController [main] # LOG # Initiated by [anonymousUser]: User [testUsername] was added to group(s) [[dummy1, dummy2]] #
2020-02-06 13:55:44,324 INFO lt.vtmc.user.controller.UserController [main] # LOG # Initiated by [anonymousUser]: User [testAdmin] with Admin role was created with group(s): [null]#
2020-02-06 13:55:44,332 INFO lt.vtmc.user.controller.UserController [main] # LOG # Initiated by [anonymousUser]: User [testAdmin] was created with group(s): [null]#
2020-02-06 14:04:35,595 INFO lt.vtmc.user.controller.UserController [main] # LOG # Initiated by [anonymousUser]: User [testAdmin] with Admin role was created with group(s): [null]#
2020-02-06 14:04:35,626 INFO lt.vtmc.user.controller.UserController [main] # LOG # Initiated by [anonymousUser]: User [testAdmin] was created with group(s): [null]#
2020-02-06 14:05:52,687 INFO lt.vtmc.user.controller.UserController [main] # LOG # Initiated by [anonymousUser]: Group [null] was created #
2020-02-06 14:05:52,715 INFO lt.vtmc.user.controller.UserController [main] # LOG # Initiated by [anonymousUser]: User [testUsername] was added to group(s) [[dummy1, dummy2]] #
2020-02-06 14:05:56,663 INFO lt.vtmc.user.controller.UserController [main] # LOG # Initiated by [anonymousUser]: User [testAdmin] with Admin role was created with group(s): [null]#
2020-02-06 14:05:56,673 INFO lt.vtmc.user.controller.UserController [main] # LOG # Initiated by [anonymousUser]: User [testAdmin] was created with group(s): [null]#
2020-02-06 14:13:17,163 INFO lt.vtmc.user.controller.UserController [main] # LOG # Initiated by [anonymousUser]: User [testAdmin] with Admin role was created with group(s): [null]#
2020-02-06 14:13:17,197 INFO lt.vtmc.user.controller.UserController [main] # LOG # Initiated by [anonymousUser]: User [testAdmin] was created with group(s): [null]#
2020-02-06 14:13:58,423 INFO lt.vtmc.user.controller.UserController [main] # LOG # Initiated by [anonymousUser]: Group [null] was created #
2020-02-06 14:13:58,449 INFO lt.vtmc.user.controller.UserController [main] # LOG # Initiated by [anonymousUser]: User [testUsername] was added to group(s) [[dummy1, dummy2]] #
2020-02-06 14:14:02,432 INFO lt.vtmc.user.controller.UserController [main] # LOG # Initiated by [anonymousUser]: User [testAdmin] with Admin role was created with group(s): [null]#
2020-02-06 14:14:02,442 INFO lt.vtmc.user.controller.UserController [main] # LOG # Initiated by [anonymousUser]: User [testAdmin] was created with group(s): [null]#
